<?xml version="1.0" encoding="UTF-8"?>
<testng-results ignored="0" total="1" passed="1" failed="0" skipped="0">
  <reporter-output>
  </reporter-output>
  <suite started-at="2023-10-23T11:42:28 EET" name="Default suite" finished-at="2023-10-23T11:42:33 EET" duration-ms="5580">
    <groups>
    </groups>
    <test started-at="2023-10-23T11:42:28 EET" name="Default test" finished-at="2023-10-23T11:42:33 EET" duration-ms="5580">
      <class name="maginto_lap.Sign_up">
        <test-method is-config="true" signature="mySetup()[pri:0, instance:maginto_lap.Sign_up@10027fc9]" started-at="2023-10-23T11:42:28 EET" name="mySetup" finished-at="2023-10-23T11:42:32 EET" duration-ms="4343" status="PASS">
          <reporter-output>
          </reporter-output>
        </test-method> <!-- mySetup -->
        <test-method signature="myTest()[pri:0, instance:maginto_lap.Sign_up@10027fc9]" started-at="2023-10-23T11:42:32 EET" name="myTest" finished-at="2023-10-23T11:42:33 EET" duration-ms="1131" status="PASS">
          <reporter-output>
          </reporter-output>
        </test-method> <!-- myTest -->
        <test-method is-config="true" signature="myAfter()[pri:0, instance:maginto_lap.Sign_up@10027fc9]" started-at="2023-10-23T11:42:33 EET" name="myAfter" finished-at="2023-10-23T11:42:33 EET" duration-ms="1" status="PASS">
          <reporter-output>
          </reporter-output>
        </test-method> <!-- myAfter -->
      </class> <!-- maginto_lap.Sign_up -->
    </test> <!-- Default test -->
  </suite> <!-- Default suite -->
</testng-results>
